PS C:\Users\nitro\vscode_projects\go_projects\hpuft> .\hpuft-sender.exe -file .\testdata\darksouls3_2022.09.05.mp4 -addr 192.168.50.9:9000
10:24:10.912032 [sender] hashing file: .\testdata\darksouls3_2022.09.05.mp4 (237931368 bytes)
10:24:10.964747 [sender] file hash: 0x2681C51BDEAEBA6F
10:24:10.965747 [sender] sending SESSION_REQ: sessionID=0xBE1DE72F -> 192.168.50.9:9000
10:24:10.965747 [calibration] burst: 10 packets at wire speed (link-capacity probe)
10:24:10.965747 [sender] congestion control ENABLED, starting rate=2.00 MB/s
10:24:10.965747 [sender] FEC enabled: block_size=100, initial_parity=5%
10:24:10.965747 [calibration] burst complete (10 packets sent), switching to adaptive pacing
10:24:11.116788 [congestion] INCREASE (phase1): 2.00 -> 2.50 MB/s (loss=0.00% delivery=2.67)
10:24:11.216385 [congestion] INCREASE (phase1): 2.50 -> 3.12 MB/s (loss=0.00% delivery=1.69)
10:24:11.316333 [congestion] INCREASE (phase1): 3.12 -> 3.91 MB/s (loss=0.00% delivery=1.27)
10:24:11.416157 [congestion] INCREASE (phase1): 3.91 -> 4.88 MB/s (loss=0.00% delivery=2.68)
10:24:11.516790 [congestion] INCREASE (phase1): 4.88 -> 6.10 MB/s (loss=0.00% delivery=3.41)
10:24:11.616258 [congestion] INCREASE (phase1): 6.10 -> 7.63 MB/s (loss=0.00% delivery=4.19)
10:24:11.616258 [congestion] CEILING: rate capped at 6.28 MB/s (1.5x peak delivery 4.19 MB/s)
10:24:16.751523 [sender] progress: 10% (17291/172916) actual=4.11 MB/s target=6.66 MB/s
10:24:21.954697 [sender] progress: 20% (34582/172916) actual=4.33 MB/s target=7.86 MB/s
10:24:26.565724 [sender] progress: 30% (51873/172916) actual=4.58 MB/s target=7.95 MB/s
10:24:31.186769 [sender] progress: 40% (69164/172916) actual=4.71 MB/s target=8.01 MB/s
10:24:35.183810 [sender] progress: 50% (86455/172916) actual=4.91 MB/s target=9.36 MB/s
10:24:38.893986 [sender] progress: 60% (103746/172916) actual=5.11 MB/s target=10.56 MB/s
10:24:42.373582 [sender] progress: 70% (121037/172916) actual=5.30 MB/s target=10.56 MB/s
10:24:45.873744 [sender] progress: 80% (138328/172916) actual=5.45 MB/s target=10.56 MB/s
10:24:49.362765 [sender] progress: 90% (155619/172916) actual=5.58 MB/s target=10.56 MB/s
10:24:52.823421 [sender] progress: 100% (172910/172916) actual=5.68 MB/s target=10.72 MB/s
10:24:52.825010 [sender] sent 2 tail block parity packets for block 1729 (16 data shards)
10:24:52.825010 [sender] all 172916 packets sent in 41.859s (5.68 MB/s) | CC: +418 =0 -0
10:24:52.825010 [sender] waiting for TRANSFER_COMPLETE...
10:24:52.847372 [sender] received TRANSFER_COMPLETE
10:24:52.847375 [sender] sent ACK_CLOSE, entering linger state
10:24:55.848058 [sender] linger complete, session finished
PS C:\Users\nitro\vscode_projects\go_projects\hpuft>

==== WITH NO DELAY ====
S C:\Users\nitro\vscode_projects\go_projects\hpuft> .\hpuft-sender.exe -file .\testdata\darksouls3_2022.09.05.mp4 -addr 192.168.50.9:9000 -nodelay
10:25:59.114641 [sender] hashing file: .\testdata\darksouls3_2022.09.05.mp4 (237931368 bytes)
10:25:59.163966 [sender] file hash: 0x2681C51BDEAEBA6F
10:25:59.164966 [sender] sending SESSION_REQ: sessionID=0x8264C50D -> 192.168.50.9:9000
10:25:59.164966 [sender] congestion control DISABLED (nodelay mode)
10:25:59.164966 [sender] FEC enabled: block_size=100, initial_parity=5%
10:25:59.307388 [sender] progress: 10% (17291/172916) rate=167.05 MB/s
10:25:59.318427 [sender] queued 167 new NACKs (167 total pending)
10:25:59.343097 [sender] queued 167 new NACKs (167 total pending)
10:25:59.368080 [sender] queued 167 new NACKs (167 total pending)
10:25:59.393080 [sender] queued 167 new NACKs (167 total pending)
10:25:59.418081 [sender] queued 167 new NACKs (167 total pending)
10:25:59.443080 [sender] queued 167 new NACKs (167 total pending)
10:25:59.518023 [sender] queued 150 new NACKs (317 total pending)
10:25:59.568040 [sender] queued 17 new NACKs (334 total pending)
10:25:59.587388 [sender] progress: 20% (34582/172916) rate=112.65 MB/s
10:25:59.593122 [sender] queued 167 new NACKs (167 total pending)
10:25:59.618594 [sender] queued 167 new NACKs (167 total pending)
10:25:59.643242 [sender] queued 167 new NACKs (167 total pending)
10:25:59.668796 [sender] queued 167 new NACKs (167 total pending)
10:25:59.692831 [sender] queued 167 new NACKs (167 total pending)
10:25:59.718533 [sender] queued 167 new NACKs (167 total pending)
10:25:59.730121 [sender] progress: 30% (51873/172916) rate=126.30 MB/s
10:25:59.743136 [sender] queued 167 new NACKs (167 total pending)
10:25:59.768688 [sender] queued 167 new NACKs (167 total pending)
10:25:59.792688 [sender] queued 167 new NACKs (167 total pending)
10:25:59.817693 [sender] queued 167 new NACKs (167 total pending)
10:25:59.842693 [sender] queued 167 new NACKs (167 total pending)
10:25:59.893026 [sender] queued 167 new NACKs (334 total pending)
10:25:59.993345 [sender] queued 167 new NACKs (167 total pending)
10:26:00.018587 [sender] queued 167 new NACKs (167 total pending)
10:26:00.021586 [sender] progress: 40% (69164/172916) rate=111.10 MB/s
10:26:00.043587 [sender] queued 167 new NACKs (167 total pending)
10:26:00.074587 [sender] queued 167 new NACKs (167 total pending)
10:26:00.118915 [sender] queued 167 new NACKs (167 total pending)
10:26:00.143912 [sender] queued 167 new NACKs (167 total pending)
10:26:00.163550 [sender] progress: 50% (86455/172916) rate=119.13 MB/s
10:26:00.169790 [sender] queued 167 new NACKs (167 total pending)
10:26:00.194655 [sender] queued 167 new NACKs (167 total pending)
10:26:00.219895 [sender] queued 167 new NACKs (167 total pending)
10:26:00.244435 [sender] queued 167 new NACKs (167 total pending)
10:26:00.269375 [sender] queued 167 new NACKs (167 total pending)
10:26:00.294044 [sender] queued 167 new NACKs (167 total pending)
10:26:00.319047 [sender] queued 167 new NACKs (334 total pending)
10:26:00.444344 [sender] queued 167 new NACKs (167 total pending)
10:26:00.464861 [sender] progress: 60% (103746/172916) rate=109.82 MB/s
10:26:00.468861 [sender] queued 167 new NACKs (167 total pending)
10:26:00.494725 [sender] queued 167 new NACKs (167 total pending)
10:26:00.519544 [sender] queued 167 new NACKs (167 total pending)
10:26:00.544645 [sender] queued 167 new NACKs (167 total pending)
10:26:00.569461 [sender] queued 167 new NACKs (167 total pending)
10:26:00.594010 [sender] queued 167 new NACKs (167 total pending)
10:26:00.613010 [sender] progress: 70% (121037/172916) rate=115.02 MB/s
10:26:00.619731 [sender] queued 167 new NACKs (167 total pending)
10:26:00.644536 [sender] queued 167 new NACKs (167 total pending)
10:26:00.669643 [sender] queued 167 new NACKs (167 total pending)
10:26:00.694552 [sender] queued 167 new NACKs (167 total pending)
10:26:00.719597 [sender] queued 167 new NACKs (167 total pending)
10:26:00.744779 [sender] queued 167 new NACKs (167 total pending)
10:26:00.869708 [sender] queued 167 new NACKs (334 total pending)
10:26:00.894730 [sender] queued 167 new NACKs (167 total pending)
10:26:00.901964 [sender] progress: 80% (138328/172916) rate=109.58 MB/s
10:26:00.919497 [sender] queued 76 new NACKs (76 total pending)
10:26:01.041869 [sender] progress: 90% (155619/172916) rate=114.09 MB/s
10:26:01.127757 [sender] queued 167 new NACKs (167 total pending)
10:26:01.177366 [sender] queued 167 new NACKs (167 total pending)
10:26:01.277215 [sender] queued 167 new NACKs (334 total pending)
10:26:01.306388 [sender] queued 167 new NACKs (167 total pending)
10:26:01.322611 [sender] progress: 100% (172910/172916) rate=110.27 MB/s
10:26:01.323127 [sender] sent 2 tail block parity packets for block 1729 (16 data shards)
10:26:01.323127 [sender] all 172916 packets sent in 2.158s (110.25 MB/s)
10:26:01.323127 [sender] waiting for TRANSFER_COMPLETE...
10:26:01.328192 [sender] queued 167 new NACKs (167 total pending)
10:26:01.352369 [sender] teardown: retransmitting 167 NACKed packets
10:26:01.403584 [sender] teardown: retransmitting 167 NACKed packets
10:26:01.504372 [sender] teardown: retransmitting 167 NACKed packets
10:26:01.604367 [sender] teardown: retransmitting 167 NACKed packets
10:26:01.704306 [sender] teardown: retransmitting 167 NACKed packets
10:26:01.804560 [sender] teardown: retransmitting 167 NACKed packets
10:26:01.904407 [sender] teardown: retransmitting 167 NACKed packets
10:26:02.004526 [sender] teardown: retransmitting 167 NACKed packets
10:26:02.104292 [sender] teardown: retransmitting 167 NACKed packets
10:26:02.203217 [sender] teardown: retransmitting 167 NACKed packets
10:26:02.303208 [sender] teardown: retransmitting 167 NACKed packets
10:26:02.403422 [sender] teardown: retransmitting 167 NACKed packets
10:26:02.503902 [sender] teardown: retransmitting 167 NACKed packets
10:26:02.604063 [sender] teardown: retransmitting 167 NACKed packets
10:26:02.704063 [sender] teardown: retransmitting 167 NACKed packets
10:26:02.804498 [sender] teardown: retransmitting 167 NACKed packets
10:26:02.904425 [sender] teardown: retransmitting 167 NACKed packets
10:26:03.004371 [sender] teardown: retransmitting 167 NACKed packets
10:26:03.104671 [sender] teardown: retransmitting 167 NACKed packets
10:26:03.204372 [sender] teardown: retransmitting 167 NACKed packets
10:26:03.304113 [sender] teardown: retransmitting 167 NACKed packets
10:26:03.403207 [sender] teardown: retransmitting 167 NACKed packets
10:26:03.503372 [sender] teardown: retransmitting 167 NACKed packets
10:26:03.603888 [sender] teardown: retransmitting 167 NACKed packets
10:26:03.703372 [sender] teardown: retransmitting 167 NACKed packets
10:26:03.803372 [sender] teardown: retransmitting 167 NACKed packets
10:26:03.903872 [sender] teardown: retransmitting 167 NACKed packets
10:26:04.004766 [sender] teardown: retransmitting 167 NACKed packets
10:26:04.103944 [sender] teardown: retransmitting 167 NACKed packets
10:26:04.204357 [sender] teardown: retransmitting 167 NACKed packets
10:26:04.304210 [sender] teardown: retransmitting 167 NACKed packets
10:26:04.404273 [sender] teardown: retransmitting 167 NACKed packets
10:26:04.504305 [sender] teardown: retransmitting 167 NACKed packets
10:26:04.604342 [sender] teardown: retransmitting 167 NACKed packets
10:26:04.704546 [sender] teardown: retransmitting 167 NACKed packets
10:26:04.804286 [sender] teardown: retransmitting 167 NACKed packets
10:26:04.903155 [sender] teardown: retransmitting 167 NACKed packets
10:26:05.004209 [sender] teardown: retransmitting 167 NACKed packets
10:26:05.103367 [sender] teardown: retransmitting 167 NACKed packets
10:26:05.204068 [sender] teardown: retransmitting 167 NACKed packets
10:26:05.303061 [sender] teardown: retransmitting 167 NACKed packets
10:26:05.403907 [sender] teardown: retransmitting 167 NACKed packets
10:26:05.504153 [sender] teardown: retransmitting 167 NACKed packets
10:26:05.603214 [sender] teardown: retransmitting 167 NACKed packets
10:26:05.703939 [sender] teardown: retransmitting 167 NACKed packets
10:26:05.803820 [sender] teardown: retransmitting 167 NACKed packets
10:26:05.904058 [sender] teardown: retransmitting 167 NACKed packets
10:26:06.003367 [sender] teardown: retransmitting 167 NACKed packets
10:26:06.103201 [sender] teardown: retransmitting 167 NACKed packets
10:26:06.204531 [sender] teardown: retransmitting 167 NACKed packets
10:26:06.304164 [sender] teardown: retransmitting 142 NACKed packets
10:26:06.410109 [sender] received TRANSFER_COMPLETE
10:26:06.411113 [sender] sent ACK_CLOSE, entering linger state
10:26:09.412208 [sender] linger complete, session finished
PS C:\Users\nitro\vscode_projects\go_projects\hpuft>